\BOOKMARK [0][-]{part.1}{\376\377\000I\000\040\000M\000a\000n\000u\000r\000e\000\040\000M\000o\000d\000u\000l\000e}{}% 1
\BOOKMARK [1][-]{section.1}{\376\377\000M\000o\000d\000u\000l\000e\000\040\000I\000n\000t\000r\000o\000d\000u\000c\000t\000i\000o\000n}{part.1}% 2
\BOOKMARK [2][-]{subsection.1.1}{\376\377\000S\000t\000r\000u\000c\000t\000u\000r\000a\000l\000\040\000s\000e\000t\000u\000p\000\040\000o\000f\000\040\000t\000h\000e\000\040\000M\000a\000n\000u\000r\000e\000\040\000M\000o\000d\000u\000l\000e}{section.1}% 3
\BOOKMARK [2][-]{subsection.1.2}{\376\377\000O\000v\000e\000r\000v\000i\000e\000w\000\040\000o\000f\000\040\000R\000e\000q\000u\000i\000r\000e\000d\000\040\000I\000n\000p\000u\000t\000s}{section.1}% 4
\BOOKMARK [2][-]{subsection.1.3}{\376\377\000G\000e\000n\000e\000r\000a\000l\000\040\000A\000s\000s\000u\000m\000p\000t\000i\000o\000n\000s\000\040\000o\000f\000\040\000t\000h\000e\000\040\000M\000a\000n\000u\000r\000e\000\040\000M\000o\000d\000u\000l\000e}{section.1}% 5
\BOOKMARK [1][-]{section.2}{\376\377\000A\000n\000i\000m\000a\000l\000\040\000a\000n\000d\000\040\000M\000a\000n\000u\000r\000e\000\040\000M\000o\000d\000u\000l\000e\000\040\000C\000o\000n\000n\000e\000c\000t\000i\000o\000n}{part.1}% 6
\BOOKMARK [2][-]{subsection.2.1}{\376\377\000I\000n\000t\000r\000o\000d\000u\000c\000t\000i\000o\000n}{section.2}% 7
\BOOKMARK [2][-]{subsection.2.2}{\376\377\000M\000e\000t\000h\000o\000d\000o\000l\000o\000g\000y}{section.2}% 8
\BOOKMARK [1][-]{section.3}{\376\377\000M\000a\000n\000u\000r\000e\000\040\000H\000a\000n\000d\000l\000e\000r}{part.1}% 9
\BOOKMARK [2][-]{subsection.3.1}{\376\377\000I\000n\000t\000r\000o\000d\000u\000c\000t\000i\000o\000n}{section.3}% 10
\BOOKMARK [2][-]{subsection.3.2}{\376\377\000M\000e\000t\000h\000o\000d\000o\000l\000o\000g\000y}{section.3}% 11
\BOOKMARK [2][-]{subsection.3.3}{\376\377\000M\000a\000n\000u\000r\000e\000\040\000c\000o\000m\000p\000o\000s\000i\000t\000i\000o\000n\000\040\000u\000p\000d\000a\000t\000e}{section.3}% 12
\BOOKMARK [1][-]{section.4}{\376\377\000S\000o\000l\000i\000d\000\040\000L\000i\000q\000u\000i\000d\000\040\000S\000e\000p\000a\000r\000a\000t\000o\000r\000s}{part.1}% 13
\BOOKMARK [2][-]{subsection.4.1}{\376\377\000I\000n\000t\000r\000o\000d\000u\000c\000t\000i\000o\000n}{section.4}% 14
\BOOKMARK [2][-]{subsection.4.2}{\376\377\000M\000e\000t\000h\000o\000d\000o\000l\000o\000g\000y}{section.4}% 15
\BOOKMARK [2][-]{subsection.4.3}{\376\377\000M\000a\000n\000u\000r\000e\000\040\000c\000o\000m\000p\000o\000s\000i\000t\000i\000o\000n\000\040\000u\000p\000d\000a\000t\000e}{section.4}% 16
\BOOKMARK [1][-]{section.5}{\376\377\000A\000n\000a\000e\000r\000o\000b\000i\000c\000\040\000D\000i\000g\000e\000s\000t\000i\000o\000n}{part.1}% 17
\BOOKMARK [2][-]{subsection.5.1}{\376\377\000I\000n\000t\000r\000o\000d\000u\000c\000t\000i\000o\000n}{section.5}% 18
\BOOKMARK [2][-]{subsection.5.2}{\376\377\000M\000e\000t\000h\000o\000d\000o\000l\000o\000g\000y}{section.5}% 19
\BOOKMARK [2][-]{subsection.5.3}{\376\377\000M\000a\000n\000u\000r\000e\000\040\000c\000o\000m\000p\000o\000s\000i\000t\000i\000o\000n\000\040\000u\000p\000d\000a\000t\000e}{section.5}% 20
\BOOKMARK [1][-]{section.6}{\376\377\000S\000l\000u\000r\000r\000y\000\040\000S\000t\000o\000r\000a\000g\000e}{part.1}% 21
\BOOKMARK [2][-]{subsection.6.1}{\376\377\000I\000n\000t\000r\000o\000d\000u\000c\000t\000i\000o\000n}{section.6}% 22
\BOOKMARK [2][-]{subsection.6.2}{\376\377\000M\000e\000t\000h\000o\000d\000o\000l\000o\000g\000y}{section.6}% 23
\BOOKMARK [2][-]{subsection.6.3}{\376\377\000R\000e\000c\000e\000i\000v\000e\000d\000,\000\040\000s\000t\000o\000r\000e\000d\000,\000\040\000a\000n\000d\000\040\000e\000m\000p\000t\000i\000e\000d\000\040\000o\000u\000t\000p\000u\000t\000s}{section.6}% 24
\BOOKMARK [2][-]{subsection.6.4}{\376\377\000M\000a\000n\000u\000r\000e\000\040\000c\000o\000m\000p\000o\000s\000i\000t\000i\000o\000n\000\040\000u\000p\000d\000a\000t\000e\000s}{section.6}% 25
\BOOKMARK [1][-]{section.7}{\376\377\000A\000n\000a\000e\000r\000o\000b\000i\000c\000\040\000L\000a\000g\000o\000o\000n}{part.1}% 26
\BOOKMARK [2][-]{subsection.7.1}{\376\377\000I\000n\000t\000r\000o\000d\000u\000c\000t\000i\000o\000n}{section.7}% 27
\BOOKMARK [2][-]{subsection.7.2}{\376\377\000M\000e\000t\000h\000o\000d\000o\000l\000o\000g\000y}{section.7}% 28
\BOOKMARK [2][-]{subsection.7.3}{\376\377\000R\000e\000c\000e\000i\000v\000e\000d\000,\000\040\000s\000t\000o\000r\000e\000d\000,\000\040\000a\000n\000d\000\040\000e\000m\000p\000t\000i\000e\000d\000\040\000o\000u\000t\000p\000u\000t\000s}{section.7}% 29
\BOOKMARK [2][-]{subsection.7.4}{\376\377\000M\000a\000n\000u\000r\000e\000\040\000c\000o\000m\000p\000o\000s\000i\000t\000i\000o\000n\000\040\000u\000p\000d\000a\000t\000e\000s}{section.7}% 30
\BOOKMARK [1][-]{section.8}{\376\377\000B\000e\000d\000d\000e\000d\000\040\000P\000a\000c\000k}{part.1}% 31
\BOOKMARK [2][-]{subsection.8.1}{\376\377\000I\000n\000t\000r\000o\000d\000u\000c\000t\000i\000o\000n}{section.8}% 32
\BOOKMARK [2][-]{subsection.8.2}{\376\377\000M\000e\000t\000h\000o\000d\000o\000l\000o\000g\000y}{section.8}% 33
\BOOKMARK [2][-]{subsection.8.3}{\376\377\000R\000e\000c\000e\000i\000v\000e\000d\000,\000\040\000s\000t\000o\000r\000e\000d\000,\000\040\000a\000n\000d\000\040\000e\000m\000p\000t\000i\000e\000d\000\040\000o\000u\000t\000p\000u\000t\000s}{section.8}% 34
\BOOKMARK [2][-]{subsection.8.4}{\376\377\000M\000a\000n\000u\000r\000e\000\040\000c\000o\000m\000p\000o\000s\000i\000t\000i\000o\000n\000\040\000u\000p\000d\000a\000t\000e\000s}{section.8}% 35
\BOOKMARK [1][-]{section.9}{\376\377\000O\000p\000e\000n\000\040\000L\000o\000t}{part.1}% 36
\BOOKMARK [2][-]{subsection.9.1}{\376\377\000I\000n\000t\000r\000o\000d\000u\000c\000t\000i\000o\000n}{section.9}% 37
\BOOKMARK [2][-]{subsection.9.2}{\376\377\000M\000e\000t\000h\000o\000d\000o\000l\000o\000g\000y}{section.9}% 38
\BOOKMARK [2][-]{subsection.9.3}{\376\377\000R\000e\000c\000e\000i\000v\000e\000d\000,\000\040\000s\000t\000o\000r\000e\000d\000,\000\040\000a\000n\000d\000\040\000e\000m\000p\000t\000i\000e\000d\000\040\000o\000u\000t\000p\000u\000t\000s}{section.9}% 39
\BOOKMARK [2][-]{subsection.9.4}{\376\377\000M\000a\000n\000u\000r\000e\000\040\000c\000o\000m\000p\000o\000s\000i\000t\000i\000o\000n\000\040\000u\000p\000d\000a\000t\000e\000s}{section.9}% 40
\BOOKMARK [1][-]{section.10}{\376\377\000C\000o\000m\000p\000o\000s\000t\000i\000n\000g}{part.1}% 41
\BOOKMARK [2][-]{subsection.10.1}{\376\377\000I\000n\000t\000r\000o\000d\000u\000c\000t\000i\000o\000n}{section.10}% 42
\BOOKMARK [2][-]{subsection.10.2}{\376\377\000M\000e\000t\000h\000o\000d\000o\000l\000o\000g\000y}{section.10}% 43
\BOOKMARK [2][-]{subsection.10.3}{\376\377\000R\000e\000c\000e\000i\000v\000e\000d\000,\000\040\000s\000t\000o\000r\000e\000d\000,\000\040\000a\000n\000d\000\040\000e\000m\000p\000t\000i\000e\000d\000\040\000o\000u\000t\000p\000u\000t\000s}{section.10}% 44
\BOOKMARK [2][-]{subsection.10.4}{\376\377\000M\000a\000n\000u\000r\000e\000\040\000c\000o\000m\000p\000o\000s\000i\000t\000i\000o\000n\000\040\000u\000p\000d\000a\000t\000e\000s}{section.10}% 45
\BOOKMARK [1][-]{section.11}{\376\377\000D\000a\000i\000l\000y\000\040\000s\000p\000r\000e\000a\000d}{part.1}% 46
\BOOKMARK [2][-]{subsection.11.1}{\376\377\000I\000n\000t\000r\000o\000d\000u\000c\000t\000i\000o\000n}{section.11}% 47
\BOOKMARK [1][-]{section.12}{\376\377\000M\000a\000n\000u\000r\000e\000\040\000t\000o\000\040\000S\000o\000i\000l\000\040\000a\000n\000d\000\040\000C\000r\000o\000p\000\040\000M\000o\000d\000u\000l\000e\000\040\000C\000o\000n\000n\000e\000c\000t\000i\000o\000n}{part.1}% 48
\BOOKMARK [2][-]{subsection.12.1}{\376\377\000I\000n\000t\000r\000o\000d\000u\000c\000t\000i\000o\000n}{section.12}% 49
\BOOKMARK [2][-]{subsection.12.2}{\376\377\000I\000m\000p\000l\000e\000m\000e\000n\000t\000a\000t\000i\000o\000n\000\040\000i\000n\000\040\000R\000u\000F\000a\000S}{section.12}% 50
\BOOKMARK [2][-]{subsection.12.3}{\376\377\000M\000e\000t\000h\000o\000d\000o\000l\000o\000g\000y}{section.12}% 51
\BOOKMARK [1][-]{section.13}{\376\377\000K\000e\000y\000\040\000C\000o\000n\000s\000t\000a\000n\000t\000s}{part.1}% 52
\BOOKMARK [1][-]{section.14}{\376\377\000R\000e\000f\000e\000r\000e\000n\000c\000e\000s}{part.1}% 53
